{
  "stats": {
    "suites": 1,
    "tests": 3,
    "passes": 3,
    "pending": 0,
    "failures": 0,
    "start": "2023-02-24T00:13:27.043Z",
    "end": "2023-02-24T00:13:42.025Z",
    "duration": 14982,
    "testsRegistered": 3,
    "passPercent": 100,
    "pendingPercent": 0,
    "other": 0,
    "hasOther": false,
    "skipped": 0,
    "hasSkipped": false
  },
  "results": [
    {
      "uuid": "1e4d6a61-4229-4805-b6b9-e3683a72d802",
      "title": "",
      "fullFile": "cypress/integration/test/cart.test.ts",
      "file": "cypress/integration/test/cart.test.ts",
      "beforeHooks": [],
      "afterHooks": [],
      "tests": [],
      "suites": [
        {
          "uuid": "d64716ea-cda3-4a76-a62e-da8f529cf6e8",
          "title": "Products page validation tests",
          "fullFile": "",
          "file": "",
          "beforeHooks": [],
          "afterHooks": [],
          "tests": [
            {
              "title": "Add single product to card",
              "fullTitle": "Products page validation tests Add single product to card",
              "timedOut": null,
              "duration": 4477,
              "state": "passed",
              "speed": "fast",
              "pass": true,
              "fail": false,
              "pending": false,
              "context": null,
              "code": "(0, products_step_1.addToCard)(\"Sauce Labs Backpack\");\ncy.get(productObject.cartValue).should(\"contain\", 1);",
              "err": {},
              "uuid": "295842fc-8906-4e6e-b836-b31ea6251b9d",
              "parentUUID": "d64716ea-cda3-4a76-a62e-da8f529cf6e8",
              "isHook": false,
              "skipped": false
            },
            {
              "title": "Add multiple product to card",
              "fullTitle": "Products page validation tests Add multiple product to card",
              "timedOut": null,
              "duration": 4521,
              "state": "passed",
              "speed": "fast",
              "pass": true,
              "fail": false,
              "pending": false,
              "context": null,
              "code": "(0, products_step_1.addToCard)(\"Sauce Labs Backpack\");\n(0, products_step_1.addToCard)(\"Sauce Labs Bike Light\");\n(0, products_step_1.addToCard)(\"Sauce Labs Bolt T-Shirt\");\ncy.get(productObject.cartValue).should(\"contain\", 3);",
              "err": {},
              "uuid": "c82d91cd-f8bf-4acb-a801-ee38db1437a1",
              "parentUUID": "d64716ea-cda3-4a76-a62e-da8f529cf6e8",
              "isHook": false,
              "skipped": false
            },
            {
              "title": "Add and remove product to card",
              "fullTitle": "Products page validation tests Add and remove product to card",
              "timedOut": null,
              "duration": 4603,
              "state": "passed",
              "speed": "fast",
              "pass": true,
              "fail": false,
              "pending": false,
              "context": null,
              "code": "(0, products_step_1.addToCard)(\"Sauce Labs Backpack\");\n(0, products_step_1.addToCard)(\"Sauce Labs Bike Light\");\ncy.get(productObject.cartValue).should(\"contain\", 2);\n(0, products_step_1.removeFromCart)(\"Sauce Labs Backpack\");\ncy.get(productObject.cartValue).should(\"contain\", 1);",
              "err": {},
              "uuid": "72ff8103-d7fb-49c5-a74a-9991b0275968",
              "parentUUID": "d64716ea-cda3-4a76-a62e-da8f529cf6e8",
              "isHook": false,
              "skipped": false
            }
          ],
          "suites": [],
          "passes": [
            "295842fc-8906-4e6e-b836-b31ea6251b9d",
            "c82d91cd-f8bf-4acb-a801-ee38db1437a1",
            "72ff8103-d7fb-49c5-a74a-9991b0275968"
          ],
          "failures": [],
          "pending": [],
          "skipped": [],
          "duration": 13601,
          "root": false,
          "rootEmpty": false,
          "_timeout": 2000
        }
      ],
      "passes": [],
      "failures": [],
      "pending": [],
      "skipped": [],
      "duration": 0,
      "root": true,
      "rootEmpty": true,
      "_timeout": 2000
    }
  ],
  "meta": {
    "mocha": {
      "version": "7.0.1"
    },
    "mochawesome": {
      "options": {
        "quiet": false,
        "reportFilename": "mochawesome",
        "saveHtml": false,
        "saveJson": true,
        "consoleReporter": "spec",
        "useInlineDiffs": false,
        "code": true
      },
      "version": "7.1.3"
    },
    "marge": {
      "options": {
        "chart": true,
        "overwrite": false,
        "html": false,
        "json": true,
        "reportDir": "cypress/reports"
      },
      "version": "6.2.0"
    }
  }
}